mode: set
github.com/dvl-mukesh/rimor/banner/banner.go:20.60,21.45 1 0
github.com/dvl-mukesh/rimor/banner/banner.go:21.45,24.3 1 0
github.com/dvl-mukesh/rimor/banner/banner.go:25.2,25.15 1 0
github.com/dvl-mukesh/rimor/banner/banner.go:28.20,30.2 1 0
github.com/dvl-mukesh/rimor/main.go:7.13,19.15 8 0
github.com/dvl-mukesh/rimor/main.go:19.15,21.3 1 0
github.com/dvl-mukesh/rimor/main.go:21.8,21.22 1 0
github.com/dvl-mukesh/rimor/main.go:21.22,23.3 1 0
github.com/dvl-mukesh/rimor/main.go:23.8,23.22 1 0
github.com/dvl-mukesh/rimor/main.go:23.22,25.3 1 0
github.com/dvl-mukesh/rimor/main.go:25.8,25.30 1 0
github.com/dvl-mukesh/rimor/main.go:25.30,27.3 1 0
github.com/dvl-mukesh/rimor/main.go:27.8,27.24 1 0
github.com/dvl-mukesh/rimor/main.go:27.24,29.3 1 0
github.com/dvl-mukesh/rimor/main.go:29.8,31.3 1 0
github.com/dvl-mukesh/rimor/ops.go:15.13,16.27 1 0
github.com/dvl-mukesh/rimor/ops.go:16.27,19.3 2 0
github.com/dvl-mukesh/rimor/ops.go:20.2,24.16 4 0
github.com/dvl-mukesh/rimor/ops.go:24.16,26.3 1 0
github.com/dvl-mukesh/rimor/ops.go:27.2,27.18 1 0
github.com/dvl-mukesh/rimor/ops.go:27.18,29.3 1 0
github.com/dvl-mukesh/rimor/ops.go:29.8,31.3 1 0
github.com/dvl-mukesh/rimor/ops.go:33.2,33.16 1 0
github.com/dvl-mukesh/rimor/ops.go:33.16,35.3 1 0
github.com/dvl-mukesh/rimor/ops.go:35.8,37.3 1 0
github.com/dvl-mukesh/rimor/ops.go:41.13,46.2 3 0
github.com/dvl-mukesh/rimor/ops.go:48.38,50.16 2 1
github.com/dvl-mukesh/rimor/ops.go:50.16,52.3 1 1
github.com/dvl-mukesh/rimor/ops.go:53.2,56.16 3 1
github.com/dvl-mukesh/rimor/ops.go:56.16,58.3 1 0
github.com/dvl-mukesh/rimor/ops.go:59.2,62.12 3 1
github.com/dvl-mukesh/rimor/ops.go:65.15,67.20 2 0
github.com/dvl-mukesh/rimor/ops.go:67.20,70.3 2 0
github.com/dvl-mukesh/rimor/ops.go:71.2,73.16 3 0
github.com/dvl-mukesh/rimor/ops.go:73.16,75.3 1 0
github.com/dvl-mukesh/rimor/ops.go:75.8,77.3 1 0
github.com/dvl-mukesh/rimor/ops.go:80.36,82.2 1 0
github.com/dvl-mukesh/rimor/ops.go:84.13,85.27 1 0
github.com/dvl-mukesh/rimor/ops.go:85.27,88.3 2 0
github.com/dvl-mukesh/rimor/ops.go:89.2,92.16 4 0
github.com/dvl-mukesh/rimor/ops.go:92.16,94.3 1 0
github.com/dvl-mukesh/rimor/ops.go:94.8,96.3 1 0
github.com/dvl-mukesh/rimor/ops.go:99.38,101.16 2 1
github.com/dvl-mukesh/rimor/ops.go:101.16,103.3 1 1
github.com/dvl-mukesh/rimor/ops.go:104.2,104.23 1 1
github.com/dvl-mukesh/rimor/ops.go:107.32,108.29 1 0
github.com/dvl-mukesh/rimor/ops.go:108.29,110.17 2 0
github.com/dvl-mukesh/rimor/ops.go:110.17,112.12 2 0
github.com/dvl-mukesh/rimor/ops.go:114.3,115.30 2 0
github.com/dvl-mukesh/rimor/ops.go:115.30,117.4 1 0
github.com/dvl-mukesh/rimor/ops.go:121.54,122.29 1 0
github.com/dvl-mukesh/rimor/ops.go:122.29,123.83 1 0
github.com/dvl-mukesh/rimor/ops.go:123.83,124.18 1 0
github.com/dvl-mukesh/rimor/ops.go:124.18,126.5 1 0
github.com/dvl-mukesh/rimor/ops.go:127.4,127.50 1 0
github.com/dvl-mukesh/rimor/ops.go:127.50,129.5 1 0
github.com/dvl-mukesh/rimor/ops.go:130.4,130.14 1 0
github.com/dvl-mukesh/rimor/ops.go:132.3,132.17 1 0
github.com/dvl-mukesh/rimor/ops.go:132.17,134.4 1 0
github.com/dvl-mukesh/rimor/ops.go:138.37,140.16 2 0
github.com/dvl-mukesh/rimor/ops.go:140.16,142.3 1 0
github.com/dvl-mukesh/rimor/ops.go:144.2,144.47 1 0
github.com/dvl-mukesh/rimor/ops.go:144.47,146.3 1 0
github.com/dvl-mukesh/rimor/ops.go:148.2,148.32 1 0
github.com/dvl-mukesh/rimor/ops.go:148.32,152.20 3 0
github.com/dvl-mukesh/rimor/ops.go:152.20,153.52 1 0
github.com/dvl-mukesh/rimor/ops.go:153.52,155.5 1 0
github.com/dvl-mukesh/rimor/ops.go:156.9,157.53 1 0
github.com/dvl-mukesh/rimor/ops.go:157.53,159.5 1 0
github.com/dvl-mukesh/rimor/ops.go:162.2,162.12 1 0
github.com/dvl-mukesh/rimor/banner/banner.go:20.60,21.45 1 1
github.com/dvl-mukesh/rimor/banner/banner.go:21.45,24.3 1 0
github.com/dvl-mukesh/rimor/banner/banner.go:25.2,25.15 1 1
github.com/dvl-mukesh/rimor/banner/banner.go:28.20,30.2 1 0
